
[2018_10_06_1106]Key Up
[2018_10_06_1106]Key Left
[2018_10_06_1106]Key Down
[2018_10_06_1106]Key Right
[2018_10_06_1106]259
[2018_10_06_1106]Key Left
[2018_10_06_1106]Key Down
[2018_10_06_1106]Key Right
[2018_10_06_1106]260
[2018_10_06_1106]Key Right
[2018_10_06_1106]261
[2018_10_06_1106]Key Down
[2018_10_06_1106]Key Right
[2018_10_06_1106]258
[2018_10_06_1106]Key Up
[2018_10_06_1106]Key Left
[2018_10_06_1106]Key Down
[2018_10_06_1106]Key Right
[2018_10_06_1106]259
[2018_10_06_1106]Key Left
[2018_10_06_1106]Key Down
[2018_10_06_1106]Key Right
[2018_10_06_1106]260
[2018_10_06_1106]Key Right
[2018_10_06_1106]261
[2018_10_06_1106]Key Left
[2018_10_06_1106]Key Down
[2018_10_06_1106]Key Right
[2018_10_06_1106]260
[2018_10_06_1106]Key Right
[2018_10_06_1106]261
[2018_10_06_1106]Key Left
[2018_10_06_1106]Key Down
[2018_10_06_1106]Key Right
[2018_10_06_1106]260
[2018_10_06_1106]Key Down
[2018_10_06_1106]Key Right
[2018_10_06_1106]258
[2018_10_06_1106]Key Up
[2018_10_06_1106]Key Left
[2018_10_06_1106]Key Down
[2018_10_06_1106]Key Right
[2018_10_06_1106]259
[2018_10_06_1106]Key Left
[2018_10_06_1106]Key Down
[2018_10_06_1106]Key Right
[2018_10_06_1106]260
[2018_10_06_1106]Key Right
[2018_10_06_1106]261
[2018_10_06_1106]Key Down
[2018_10_06_1106]Key Right
[2018_10_06_1106]258
[2018_10_06_1106]Key Left
[2018_10_06_1106]Key Down
[2018_10_06_1106]Key Right
[2018_10_06_1106]260
[2018_10_06_1106]Key Right
[2018_10_06_1106]261
[2018_10_06_1106]Key Down
[2018_10_06_1106]Key Right
[2018_10_06_1106]258
[2018_10_06_1106]Key Right
[2018_10_06_1106]261
[2018_10_06_1106]Key Up
[2018_10_06_1106]Key Left
[2018_10_06_1106]Key Down
[2018_10_06_1106]Key Right
[2018_10_06_1106]259
[2018_10_06_1106]Key Left
[2018_10_06_1106]Key Down
[2018_10_06_1106]Key Right
[2018_10_06_1106]260
[2018_10_06_1106]Key Down
[2018_10_06_1106]Key Right
[2018_10_06_1106]258
[2018_10_06_1106]Key Right
[2018_10_06_1106]261
[2018_10_06_1106]Key Left
[2018_10_06_1106]Key Down
[2018_10_06_1106]Key Right
[2018_10_06_1106]260
[2018_10_06_1106]Key Down
[2018_10_06_1106]Key Right
[2018_10_06_1106]258
[2018_10_06_1106]Key Right
[2018_10_06_1106]261
[2018_10_06_1106]Key Left
[2018_10_06_1106]Key Down
[2018_10_06_1106]Key Right
[2018_10_06_1106]260
[2018_10_06_1106]Key Right
[2018_10_06_1106]261
[2018_10_06_1106]Key Down
[2018_10_06_1106]Key Right
[2018_10_06_1106]258
[2018_10_06_1106]Key Left
[2018_10_06_1106]Key Down
[2018_10_06_1106]Key Right
[2018_10_06_1106]260
[2018_10_06_1106]Key Down
[2018_10_06_1106]Key Right
[2018_10_06_1106]258
[2018_10_06_1106]Key Up
[2018_10_06_1106]Key Left
[2018_10_06_1106]Key Down
[2018_10_06_1106]Key Right
[2018_10_06_1106]259
[2018_10_06_1106]Key Right
[2018_10_06_1106]261
[2018_10_06_1106]Key Right
[2018_10_06_1106]261
[2018_10_06_1106]Key Left
[2018_10_06_1106]Key Down
[2018_10_06_1106]Key Right
[2018_10_06_1106]260
[2018_10_06_1106]Key Down
[2018_10_06_1106]Key Right
[2018_10_06_1106]258
[2018_10_06_1106]Key Right
[2018_10_06_1106]261
[2018_10_06_1106]10
[2018_10_06_1106]102
[2018_10_06_1106]101
[2018_10_06_1106]101
[2018_10_06_1106]102
[2018_10_06_1106]101
[2018_10_06_1106]102
[2018_10_06_1107]Key Left
[2018_10_06_1107]Key Down
[2018_10_06_1107]Key Right
[2018_10_06_1107]260
[2018_10_06_1107]Key Right
[2018_10_06_1107]261
[2018_10_06_1107]Key Down
[2018_10_06_1107]Key Right
[2018_10_06_1107]258
[2018_10_06_1107]Key Left
[2018_10_06_1107]Key Down
[2018_10_06_1107]Key Right
[2018_10_06_1107]260
[2018_10_06_1107]Key Right
[2018_10_06_1107]261
[2018_10_06_1107]Key Left
[2018_10_06_1107]Key Down
[2018_10_06_1107]Key Right
[2018_10_06_1107]260
[2018_10_06_1107]Key Right
[2018_10_06_1107]261
[2018_10_06_1107]Key Up
[2018_10_06_1107]Key Left
[2018_10_06_1107]Key Down
[2018_10_06_1107]Key Right
[2018_10_06_1107]259
[2018_10_06_1107]Key Left
[2018_10_06_1107]Key Down
[2018_10_06_1107]Key Right
[2018_10_06_1107]260
[2018_10_06_1107]Key Left
[2018_10_06_1107]Key Down
[2018_10_06_1107]Key Right
[2018_10_06_1107]260
[2018_10_06_1107]Key Up
[2018_10_06_1107]Key Left
[2018_10_06_1107]Key Down
[2018_10_06_1107]Key Right
[2018_10_06_1107]259
[2018_10_06_1107]Key Left
[2018_10_06_1107]Key Down
[2018_10_06_1107]Key Right
[2018_10_06_1107]260
[2018_10_06_1107]Key Right
[2018_10_06_1107]261
[2018_10_06_1107]Key Up
[2018_10_06_1107]Key Left
[2018_10_06_1107]Key Down
[2018_10_06_1107]Key Right
[2018_10_06_1107]259
[2018_10_06_1107]Key Up
[2018_10_06_1107]Key Left
[2018_10_06_1107]Key Down
[2018_10_06_1107]Key Right
[2018_10_06_1107]259
[2018_10_06_1107]Key Up
[2018_10_06_1107]Key Left
[2018_10_06_1107]Key Down
[2018_10_06_1107]Key Right
[2018_10_06_1107]259
[2018_10_06_1108]Key Down
[2018_10_06_1108]Key Right
[2018_10_06_1108]258
[2018_10_06_1108]Key Right
[2018_10_06_1108]261
[2018_10_06_1108]Key Left
[2018_10_06_1108]Key Down
[2018_10_06_1108]Key Right
[2018_10_06_1108]260
[2018_10_06_1108]Key Down
[2018_10_06_1108]Key Right
[2018_10_06_1108]258
[2018_10_06_1108]Key Up
[2018_10_06_1108]Key Left
[2018_10_06_1108]Key Down
[2018_10_06_1108]Key Right
[2018_10_06_1108]259
[2018_10_06_1108]Key Right
[2018_10_06_1108]261
[2018_10_06_1108]Key Left
[2018_10_06_1108]Key Down
[2018_10_06_1108]Key Right
[2018_10_06_1108]260
[2018_10_06_1108]Key Down
[2018_10_06_1108]Key Right
[2018_10_06_1108]258
[2018_10_06_1108]Key Left
[2018_10_06_1108]Key Down
[2018_10_06_1108]Key Right
[2018_10_06_1108]260
[2018_10_06_1108]Key Up
[2018_10_06_1108]Key Left
[2018_10_06_1108]Key Down
[2018_10_06_1108]Key Right
[2018_10_06_1108]259
[2018_10_06_1108]Key Right
[2018_10_06_1108]261
[2018_10_06_1108]Key Down
[2018_10_06_1108]Key Right
[2018_10_06_1108]258
[2018_10_06_1108]Key Left
[2018_10_06_1108]Key Down
[2018_10_06_1108]Key Right
[2018_10_06_1108]260
[2018_10_06_1111]27
[2018_10_06_1111]91
[2018_10_06_1111]65
[2018_10_06_1111]27
[2018_10_06_1111]91
[2018_10_06_1111]66
[2018_10_06_1111]27
[2018_10_06_1111]91
[2018_10_06_1111]68
[2018_10_06_1111]27
[2018_10_06_1111]91
[2018_10_06_1111]68
[2018_10_06_1111]27
[2018_10_06_1111]91
[2018_10_06_1111]68
[2018_10_06_1111]27
[2018_10_06_1111]91
[2018_10_06_1111]68
[2018_10_06_1111]27
[2018_10_06_1111]91
[2018_10_06_1111]68
[2018_10_06_1111]27
[2018_10_06_1111]91
[2018_10_06_1111]68
[2018_10_06_1111]27
[2018_10_06_1111]91
[2018_10_06_1111]68
[2018_10_06_1111]27
[2018_10_06_1111]91
[2018_10_06_1111]68
[2018_10_06_1111]27
[2018_10_06_1111]91
[2018_10_06_1111]68
[2018_10_06_1111]27
[2018_10_06_1111]91
[2018_10_06_1111]68
[2018_10_06_1111]27
[2018_10_06_1111]91
[2018_10_06_1111]68
[2018_10_06_1111]27
[2018_10_06_1111]91
[2018_10_06_1111]68
[2018_10_06_1111]27
[2018_10_06_1111]91
[2018_10_06_1111]67
[2018_10_06_1111]27
[2018_10_06_1111]91
[2018_10_06_1111]68
[2018_10_06_1111]27
[2018_10_06_1111]91
[2018_10_06_1111]67
[2018_10_06_1111]27
[2018_10_06_1111]91
[2018_10_06_1111]68
[2018_10_06_1111]27
[2018_10_06_1111]91
[2018_10_06_1111]66
[2018_10_06_1111]27
[2018_10_06_1111]91
[2018_10_06_1111]65
[2018_10_06_1111]27
[2018_10_06_1111]91
[2018_10_06_1111]66
[2018_10_06_1111]27
[2018_10_06_1111]91
[2018_10_06_1111]67
[2018_10_06_1111]27
[2018_10_06_1111]91
[2018_10_06_1111]68
[2018_10_06_1111]27
[2018_10_06_1111]91
[2018_10_06_1111]65
[2018_10_06_1111]27
[2018_10_06_1111]91
[2018_10_06_1111]68
[2018_10_06_1111]27
[2018_10_06_1111]91
[2018_10_06_1111]67
[2018_10_06_1111]27
[2018_10_06_1111]91
[2018_10_06_1111]68
[2018_10_06_1111]27
[2018_10_06_1111]91
[2018_10_06_1111]66
[2018_10_06_1111]27
[2018_10_06_1111]91
[2018_10_06_1111]68
[2018_10_06_1111]27
[2018_10_06_1111]91
[2018_10_06_1111]67
[2018_10_06_1111]27
[2018_10_06_1111]91
[2018_10_06_1111]66
[2018_10_06_1111]27
[2018_10_06_1111]91
[2018_10_06_1111]68
[2018_10_06_1111]27
[2018_10_06_1111]91
[2018_10_06_1111]67
[2018_10_06_1111]27
[2018_10_06_1111]91
[2018_10_06_1111]68
[2018_10_06_1111]27
[2018_10_06_1111]91
[2018_10_06_1111]67
[2018_10_06_1111]27
[2018_10_06_1111]91
[2018_10_06_1111]67
[2018_10_06_1112]97
[2018_10_06_1112]127
[2018_10_06_1112]Key Up
[2018_10_06_1112]Key Left
[2018_10_06_1112]Key Down
[2018_10_06_1112]Key Right
[2018_10_06_1112]259
[2018_10_06_1113]Key Up
[2018_10_06_1113]Key Left
[2018_10_06_1113]Key Down
[2018_10_06_1113]Key Right
[2018_10_06_1113]259
[2018_10_06_1113]Key Right
[2018_10_06_1113]261
[2018_10_06_1113]Key Left
[2018_10_06_1113]Key Down
[2018_10_06_1113]Key Right
[2018_10_06_1113]260
[2018_10_06_1113]Key Right
[2018_10_06_1113]261
[2018_10_06_1113]Key Down
[2018_10_06_1113]Key Right
[2018_10_06_1113]258
[2018_10_06_1113]Key Down
[2018_10_06_1113]Key Right
[2018_10_06_1113]258
[2018_10_06_1113]Key Left
[2018_10_06_1113]Key Down
[2018_10_06_1113]Key Right
[2018_10_06_1113]260
[2018_10_06_1114]Key Left
[2018_10_06_1114]Key Down
[2018_10_06_1114]Key Right
[2018_10_06_1114]260
[2018_10_06_1114]Key Left
[2018_10_06_1114]Key Down
[2018_10_06_1114]Key Right
[2018_10_06_1114]260
[2018_10_06_1114]Key Left
[2018_10_06_1114]Key Down
[2018_10_06_1114]Key Right
[2018_10_06_1114]260
[2018_10_06_1114]Key Left
[2018_10_06_1114]Key Down
[2018_10_06_1114]Key Right
[2018_10_06_1114]260
[2018_10_06_1114]Key Left
[2018_10_06_1114]Key Down
[2018_10_06_1114]Key Right
[2018_10_06_1114]260
[2018_10_06_1114]Key Left
[2018_10_06_1114]Key Down
[2018_10_06_1114]Key Right
[2018_10_06_1114]260
[2018_10_06_1114]Key Left
[2018_10_06_1114]Key Down
[2018_10_06_1114]Key Right
[2018_10_06_1114]260
[2018_10_06_1114]Key Left
[2018_10_06_1114]Key Down
[2018_10_06_1114]Key Right
[2018_10_06_1114]260
[2018_10_06_1114]Key Left
[2018_10_06_1114]Key Down
[2018_10_06_1114]Key Right
[2018_10_06_1114]260
[2018_10_06_1114]Key Left
[2018_10_06_1114]Key Down
[2018_10_06_1114]Key Right
[2018_10_06_1114]260
[2018_10_06_1114]Key Left
[2018_10_06_1114]Key Down
[2018_10_06_1114]Key Right
[2018_10_06_1114]260
[2018_10_06_1114]Key Left
[2018_10_06_1114]Key Down
[2018_10_06_1114]Key Right
[2018_10_06_1114]260
[2018_10_06_1114]Key Left
[2018_10_06_1114]Key Down
[2018_10_06_1114]Key Right
[2018_10_06_1114]260
[2018_10_06_1114]Key Left
[2018_10_06_1114]Key Down
[2018_10_06_1114]Key Right
[2018_10_06_1114]260
[2018_10_06_1114]Key Left
[2018_10_06_1114]Key Down
[2018_10_06_1114]Key Right
[2018_10_06_1114]260
[2018_10_06_1114]Key Left
[2018_10_06_1114]Key Down
[2018_10_06_1114]Key Right
[2018_10_06_1114]260
[2018_10_06_1114]Key Left
[2018_10_06_1114]Key Down
[2018_10_06_1114]Key Right
[2018_10_06_1114]260
[2018_10_06_1114]Key Left
[2018_10_06_1114]Key Down
[2018_10_06_1114]Key Right
[2018_10_06_1114]260
[2018_10_06_1114]Key Left
[2018_10_06_1114]Key Down
[2018_10_06_1114]Key Right
[2018_10_06_1114]260
[2018_10_06_1114]Key Left
[2018_10_06_1114]Key Down
[2018_10_06_1114]Key Right
[2018_10_06_1114]260
[2018_10_06_1114]Key Left
[2018_10_06_1114]Key Down
[2018_10_06_1114]Key Right
[2018_10_06_1114]260
[2018_10_06_1114]Key Left
[2018_10_06_1114]Key Down
[2018_10_06_1114]Key Right
[2018_10_06_1114]260
[2018_10_06_1114]Key Left
[2018_10_06_1114]Key Down
[2018_10_06_1114]Key Right
[2018_10_06_1114]260
[2018_10_06_1114]Key Left
[2018_10_06_1114]Key Down
[2018_10_06_1114]Key Right
[2018_10_06_1114]260
[2018_10_06_1114]Key Left
[2018_10_06_1114]Key Down
[2018_10_06_1114]Key Right
[2018_10_06_1114]260
[2018_10_06_1114]Key Left
[2018_10_06_1114]Key Down
[2018_10_06_1114]Key Right
[2018_10_06_1114]260
[2018_10_06_1114]Key Left
[2018_10_06_1114]Key Down
[2018_10_06_1114]Key Right
[2018_10_06_1114]260
[2018_10_06_1114]Key Left
[2018_10_06_1114]Key Down
[2018_10_06_1114]Key Right
[2018_10_06_1114]260
[2018_10_06_1114]Key Left
[2018_10_06_1114]Key Down
[2018_10_06_1114]Key Right
[2018_10_06_1114]260
[2018_10_06_1114]Key Left
[2018_10_06_1114]Key Down
[2018_10_06_1114]Key Right
[2018_10_06_1114]260
[2018_10_06_1114]Key Left
[2018_10_06_1114]Key Down
[2018_10_06_1114]Key Right
[2018_10_06_1114]260
[2018_10_06_1114]Key Left
[2018_10_06_1114]Key Down
[2018_10_06_1114]Key Right
[2018_10_06_1114]260
[2018_10_06_1114]Key Left
[2018_10_06_1114]Key Down
[2018_10_06_1114]Key Right
[2018_10_06_1114]260
[2018_10_06_1114]Key Left
[2018_10_06_1114]Key Down
[2018_10_06_1114]Key Right
[2018_10_06_1114]260
[2018_10_06_1114]Key Left
[2018_10_06_1114]Key Down
[2018_10_06_1114]Key Right
[2018_10_06_1114]260
[2018_10_06_1114]Key Left
[2018_10_06_1114]Key Down
[2018_10_06_1114]Key Right
[2018_10_06_1114]260
[2018_10_06_1114]Key Left
[2018_10_06_1114]Key Down
[2018_10_06_1114]Key Right
[2018_10_06_1114]260
[2018_10_06_1114]Key Up
[2018_10_06_1114]Key Left
[2018_10_06_1114]Key Down
[2018_10_06_1114]Key Right
[2018_10_06_1114]259
[2018_10_06_1114]Key Right
[2018_10_06_1114]261
[2018_10_06_1114]Key Down
[2018_10_06_1114]Key Right
[2018_10_06_1114]258
[2018_10_06_1114]Key Left
[2018_10_06_1114]Key Down
[2018_10_06_1114]Key Right
[2018_10_06_1114]260
[2018_10_06_1114]Key Up
[2018_10_06_1114]Key Left
[2018_10_06_1114]Key Down
[2018_10_06_1114]Key Right
[2018_10_06_1114]Key Up
[2018_10_06_1114]Key Left
[2018_10_06_1114]Key Left
[2018_10_06_1114]Key Right
[2018_10_06_1114]Key Down
[2018_10_06_1114]Key Right
[2018_10_06_1114]Key Up
[2018_10_06_1114]Key Left
[2018_10_06_1114]Key Down
[2018_10_06_1114]Key Up
[2018_10_06_1114]Key Up
[2018_10_06_1114]Key Up
[2018_10_06_1114]Key Up
[2018_10_06_1114]Key Up
[2018_10_06_1114]Key Up
[2018_10_06_1114]Key Up
[2018_10_06_1114]Key Up
[2018_10_06_1114]Key Up
[2018_10_06_1114]Key Up
[2018_10_06_1114]Key Up
[2018_10_06_1114]Key Up
[2018_10_06_1114]Key Up
[2018_10_06_1114]Key Up
[2018_10_06_1114]Key Up
[2018_10_06_1114]Key Up
[2018_10_06_1114]Key Up
[2018_10_06_1114]Key Up
[2018_10_06_1114]Key Up
[2018_10_06_1114]Key Up
[2018_10_06_1114]Key Up
[2018_10_06_1114]Key Up
[2018_10_06_1114]Key Down
[2018_10_06_1114]Key Down
[2018_10_06_1114]Key Down
[2018_10_06_1114]Key Down
[2018_10_06_1114]Key Down
[2018_10_06_1114]Key Down
[2018_10_06_1114]Key Down
[2018_10_06_1114]Key Down
[2018_10_06_1114]Key Down
[2018_10_06_1114]Key Down
[2018_10_06_1114]Key Down
[2018_10_06_1114]Key Down
[2018_10_06_1114]Key Left
[2018_10_06_1114]Key Left
[2018_10_06_1114]Key Left
[2018_10_06_1114]Key Left
[2018_10_06_1114]Key Left
[2018_10_06_1114]Key Left
[2018_10_06_1114]Key Left
[2018_10_06_1114]Key Left
[2018_10_06_1114]Key Left
[2018_10_06_1114]Key Left
[2018_10_06_1114]Key Right
[2018_10_06_1114]Key Right
[2018_10_06_1114]Key Right
[2018_10_06_1114]Key Right
[2018_10_06_1114]Key Right
[2018_10_06_1114]Key Right
[2018_10_06_1114]Key Right
[2018_10_06_1114]Key Right
[2018_10_06_1114]Key Right
[2018_10_06_1114]Key Down
[2018_10_06_1114]Key Down
[2018_10_06_1114]Key Down
[2018_10_06_1114]Key Down
[2018_10_06_1114]Key Down
[2018_10_06_1114]Key Down
[2018_10_06_1114]Key Down
[2018_10_06_1114]Key Down
[2018_10_06_1208] New Key Value -> 259

[2018_10_06_1208] New Key Value -> 260

[2018_10_06_1208] New Key Value -> 261

[2018_10_06_1208] New Key Value -> 258

[2018_10_06_1208] New Key Value -> 260

[2018_10_06_1208] New Key Value -> 259

[2018_10_06_1208] New Key Value -> 261

[2018_10_06_1208] New Key Value -> 260

[2018_10_06_1208] New Key Value -> 258

[2018_10_06_1208] New Key Value -> 261

[2018_10_06_1208] New Key Value -> 259
[2018_10_06_1208] New Key Value -> 260
[2018_10_06_1208] New Key Value -> 259
[2018_10_06_1208] New Key Value -> 261
[2018_10_06_1208] New Key Value -> 258
[2018_10_06_1208] New Key Value -> 260
[2018_10_06_1208] New Key Value -> 261
[2018_10_06_1208] New Key Value -> 258
[2018_10_06_1208] New Key Value -> 260
[2018_10_06_1208] New Key Value -> 261
[2018_10_06_1208] New Key Value -> 259
[2018_10_06_1208] New Key Value -> 260
[2018_10_06_1208] New Key Value -> 258
[2018_10_06_1208] New Key Value -> 260
[2018_10_06_1208] New Key Value -> 258
[2018_10_06_1208] New Key Value -> 259
[2018_10_06_1208] New Key Value -> 260
[2018_10_06_1208] New Key Value -> 258
[2018_10_06_1208] New Key Value -> 261
[2018_10_06_1208] New Key Value -> 259
[2018_10_06_1208] New Key Value -> 260
[2018_10_06_1208] New Key Value -> 258
[2018_10_06_1208] New Key Value -> 261
[2018_10_06_1208] New Key Value -> 259
[2018_10_06_1208] New Key Value -> 260
[2018_10_06_1209] New Key Value -> Key Up
[2018_10_06_1209] New Key Value -> Key Left
[2018_10_06_1209] New Key Value -> Key Down
[2018_10_06_1209] New Key Value -> Key Right
[2018_10_06_1209] New Key Value -> Key Up
[2018_10_06_1209] New Key Value -> Key Left
[2018_10_06_1209] New Key Value -> Key Down
[2018_10_06_1209] New Key Value -> Key Right
[2018_10_06_1209] New Key Value -> Key Up
[2018_10_06_1209] New Key Value -> Key Right
[2018_10_06_1209] New Key Value -> Key Left
[2018_10_06_1209] New Key Value -> Key Down
[2018_10_06_1209] New Key Value -> Key Down
[2018_10_06_1209] New Key Value -> Key Left
[2018_10_06_1209] New Key Value -> Key Right
[2018_10_06_1209] New Key Value -> Key Up
[2018_10_06_1209] New Key Value -> Key Left
[2018_10_06_1209] New Key Value -> Key Left
[2018_10_06_1209] New Key Value -> Key Down
[2018_10_06_1209] New Key Value -> Key Right
[2018_10_06_1209] New Key Value -> Key Left
[2018_10_06_1209] New Key Value -> Key Right
[2018_10_06_1209] New Key Value -> Key Up
[2018_10_06_1209] New Key Value -> Key Right
[2018_10_06_1209] New Key Value -> Key Left
[2018_10_06_1209] New Key Value -> Key Right
[2018_10_06_1209] New Key Value -> Key Down
[2018_10_06_1209] New Key Value -> Key Left
[2018_10_06_1209] New Key Value -> Key Right
[2018_10_06_1209] New Key Value -> Key Down
[2018_10_06_1210] New Key Value -> Key Up
[2018_10_06_1210] New Key Value -> Key Left
[2018_10_06_1210] New Key Value -> Key Down
[2018_10_06_1210] New Key Value -> Key Down
[2018_10_06_1210] New Key Value -> Key Right
[2018_10_06_1210] New Key Value -> Key Up
[2018_10_06_1210] New Key Value -> Key Left
[2018_10_06_1210] New Key Value -> Key Down
[2018_10_06_1210] New Key Value -> Key Right
[2018_10_06_1210] New Key Value -> Key Left
[2018_10_06_1210] New Key Value -> Key Right
[2018_10_06_1210] New Key Value -> Key Up
[2018_10_06_1210] New Key Value -> Key Left
[2018_10_06_1210] New Key Value -> Key Down
[2018_10_06_1210] New Key Value -> Key Right
[2018_10_06_1210] New Key Value -> 32
[2018_10_06_1210] New Key Value -> 32
[2018_10_06_1210] New Key Value -> 32
[2018_10_06_1210] New Key Value -> 100
[2018_10_06_1210] New Key Value -> 119
[2018_10_06_1210] New Key Value -> 101
[2018_10_06_1210] New Key Value -> 102
[2018_10_06_1210] New Key Value -> 119
[2018_10_06_1210] New Key Value -> 114
[2018_10_06_1210] New Key Value -> 103
[2018_10_06_1210] New Key Value -> 115
[2018_10_06_1210] New Key Value -> 100
[2018_10_06_1210] New Key Value -> 118
[2018_10_06_1210] New Key Value -> 114
[2018_10_06_1210] New Key Value -> 101
[2018_10_06_1210] New Key Value -> 97
[2018_10_06_1210] New Key Value -> 103
[2018_10_06_1210] New Key Value -> 52
